2025-03-17 16:30:41,014 - INFO - 正在载入 CPU 训练的模型...
2025-03-17 16:30:56,818 - INFO - -----------------------------------------------------
2025-03-17 16:30:56,819 - INFO - 扰动强度 epsilon = 0.000
2025-03-17 16:30:56,819 - INFO - 真实样本识别准确率: 9912/10000 (99.12%)
2025-03-17 16:30:56,819 - INFO - 对抗样本识别准确率: 9809/10000 (98.09%)
2025-03-17 16:30:56,819 - INFO - -----------------------------------------------------
2025-03-17 16:31:12,580 - INFO - -----------------------------------------------------
2025-03-17 16:31:12,580 - INFO - 扰动强度 epsilon = 0.100
2025-03-17 16:31:12,580 - INFO - 真实样本识别准确率: 9912/10000 (99.12%)
2025-03-17 16:31:12,580 - INFO - 对抗样本识别准确率: 9730/10000 (97.30%)
2025-03-17 16:31:12,580 - INFO - -----------------------------------------------------
2025-03-17 16:31:28,826 - INFO - -----------------------------------------------------
2025-03-17 16:31:28,826 - INFO - 扰动强度 epsilon = 0.200
2025-03-17 16:31:28,826 - INFO - 真实样本识别准确率: 9912/10000 (99.12%)
2025-03-17 16:31:28,826 - INFO - 对抗样本识别准确率: 9645/10000 (96.45%)
2025-03-17 16:31:28,826 - INFO - -----------------------------------------------------
2025-03-17 16:31:44,192 - INFO - -----------------------------------------------------
2025-03-17 16:31:44,192 - INFO - 扰动强度 epsilon = 0.300
2025-03-17 16:31:44,192 - INFO - 真实样本识别准确率: 9912/10000 (99.12%)
2025-03-17 16:31:44,192 - INFO - 对抗样本识别准确率: 9527/10000 (95.27%)
2025-03-17 16:31:44,192 - INFO - -----------------------------------------------------
2025-03-17 16:31:59,529 - INFO - -----------------------------------------------------
2025-03-17 16:31:59,529 - INFO - 扰动强度 epsilon = 0.400
2025-03-17 16:31:59,529 - INFO - 真实样本识别准确率: 9912/10000 (99.12%)
2025-03-17 16:31:59,529 - INFO - 对抗样本识别准确率: 9355/10000 (93.55%)
2025-03-17 16:31:59,529 - INFO - -----------------------------------------------------
2025-03-17 16:32:15,177 - INFO - -----------------------------------------------------
2025-03-17 16:32:15,177 - INFO - 扰动强度 epsilon = 0.500
2025-03-17 16:32:15,177 - INFO - 真实样本识别准确率: 9912/10000 (99.12%)
2025-03-17 16:32:15,177 - INFO - 对抗样本识别准确率: 7960/10000 (79.60%)
2025-03-17 16:32:15,177 - INFO - -----------------------------------------------------
2025-03-17 16:32:29,684 - INFO - -----------------------------------------------------
2025-03-17 16:32:29,684 - INFO - 扰动强度 epsilon = 0.600
2025-03-17 16:32:29,684 - INFO - 真实样本识别准确率: 9912/10000 (99.12%)
2025-03-17 16:32:29,684 - INFO - 对抗样本识别准确率: 5802/10000 (58.02%)
2025-03-17 16:32:29,684 - INFO - -----------------------------------------------------
2025-03-17 16:32:43,701 - INFO - -----------------------------------------------------
2025-03-17 16:32:43,702 - INFO - 扰动强度 epsilon = 0.700
2025-03-17 16:32:43,702 - INFO - 真实样本识别准确率: 9912/10000 (99.12%)
2025-03-17 16:32:43,702 - INFO - 对抗样本识别准确率: 4040/10000 (40.40%)
2025-03-17 16:32:43,702 - INFO - -----------------------------------------------------
2025-03-17 16:32:57,387 - INFO - -----------------------------------------------------
2025-03-17 16:32:57,387 - INFO - 扰动强度 epsilon = 0.800
2025-03-17 16:32:57,387 - INFO - 真实样本识别准确率: 9912/10000 (99.12%)
2025-03-17 16:32:57,387 - INFO - 对抗样本识别准确率: 2788/10000 (27.88%)
2025-03-17 16:32:57,387 - INFO - -----------------------------------------------------
2025-03-17 16:33:12,821 - INFO - -----------------------------------------------------
2025-03-17 16:33:12,821 - INFO - 扰动强度 epsilon = 0.900
2025-03-17 16:33:12,821 - INFO - 真实样本识别准确率: 9912/10000 (99.12%)
2025-03-17 16:33:12,821 - INFO - 对抗样本识别准确率: 1960/10000 (19.60%)
2025-03-17 16:33:12,821 - INFO - -----------------------------------------------------
2025-03-17 16:33:13,571 - INFO - epsilon 变化 vs 识别准确率:
2025-03-17 16:33:13,571 - INFO - Epsilon=0.00, 干净样本准确率=99.12%, 对抗样本准确率=98.09%
2025-03-17 16:33:13,571 - INFO - Epsilon=0.10, 干净样本准确率=99.12%, 对抗样本准确率=97.30%
2025-03-17 16:33:13,571 - INFO - Epsilon=0.20, 干净样本准确率=99.12%, 对抗样本准确率=96.45%
2025-03-17 16:33:13,571 - INFO - Epsilon=0.30, 干净样本准确率=99.12%, 对抗样本准确率=95.27%
2025-03-17 16:33:13,571 - INFO - Epsilon=0.40, 干净样本准确率=99.12%, 对抗样本准确率=93.55%
2025-03-17 16:33:13,571 - INFO - Epsilon=0.50, 干净样本准确率=99.12%, 对抗样本准确率=79.60%
2025-03-17 16:33:13,571 - INFO - Epsilon=0.60, 干净样本准确率=99.12%, 对抗样本准确率=58.02%
2025-03-17 16:33:13,572 - INFO - Epsilon=0.70, 干净样本准确率=99.12%, 对抗样本准确率=40.40%
2025-03-17 16:33:13,572 - INFO - Epsilon=0.80, 干净样本准确率=99.12%, 对抗样本准确率=27.88%
2025-03-17 16:33:13,572 - INFO - Epsilon=0.90, 干净样本准确率=99.12%, 对抗样本准确率=19.60%
